[00:21:32] [User Authenticator #176/INFO]: UUID of player Duh is b2c2e981-38a4-3bc1-8a07-e35a2ff51ebf
[00:21:33] [Server thread/INFO]: Duh joined the game
[00:21:33] [Server thread/INFO]: Duh[/191.202.230.239:60165] logged in with entity id 696614 at ([world]870.300598412639, 121.0, -191.33081380738153)
[00:22:03] [Server thread/WARN]: Can't keep up! Is the server overloaded? Running 3363ms or 67 ticks behind
[00:38:55] [Server thread/INFO]: Duh has made the advancement [Hot Stuff]
[00:47:07] [Server thread/WARN]: Can't keep up! Is the server overloaded? Running 2778ms or 55 ticks behind
[00:49:40] [Server thread/WARN]: Can't keep up! Is the server overloaded? Running 2513ms or 50 ticks behind
[00:51:18] [Server thread/INFO]: Duh has made the advancement [What a Deal!]
[01:01:12] [Server thread/WARN]: Can't keep up! Is the server overloaded? Running 2656ms or 53 ticks behind
[01:30:35] [Server thread/INFO]: Duh lost connection: Disconnected
[01:30:36] [Server thread/INFO]: Duh left the game
[05:38:23] [Server thread/INFO]: Stopping the server
[05:38:23] [Server thread/INFO]: Stopping server
[05:38:23] [Server thread/INFO]: Saving players
[05:38:23] [Server thread/INFO]: Saving worlds
[05:38:23] [Server thread/INFO]: Saving chunks for level 'ServerLevel[world]'/minecraft:overworld
[05:38:24] [Server thread/INFO]: [ChunkHolderManager] Waiting 60s for chunk system to halt for world 'world'
[05:38:24] [Server thread/INFO]: [ChunkHolderManager] Halted chunk system for world 'world'
[05:38:24] [Server thread/INFO]: [ChunkHolderManager] Saving all chunkholders for world 'world'
[05:38:26] [Server thread/INFO]: [ChunkHolderManager] Saved 4 block chunks, 283 entity chunks, 0 poi chunks in world 'world' in 1.87s
[05:38:26] [Server thread/INFO]: ThreadedAnvilChunkStorage (world): All chunks are saved
[05:38:26] [Server thread/INFO]: Saving chunks for level 'ServerLevel[world_nether]'/minecraft:the_nether
[05:38:26] [Server thread/INFO]: [ChunkHolderManager] Waiting 60s for chunk system to halt for world 'world_nether'
[05:38:26] [Server thread/INFO]: [ChunkHolderManager] Halted chunk system for world 'world_nether'
[05:38:26] [Server thread/INFO]: [ChunkHolderManager] Saving all chunkholders for world 'world_nether'
[05:38:29] [Server thread/INFO]: [ChunkHolderManager] Saved 74 block chunks, 231 entity chunks, 0 poi chunks in world 'world_nether' in 2.62s
[05:38:29] [Server thread/INFO]: ThreadedAnvilChunkStorage (DIM-1): All chunks are saved
[05:38:29] [Server thread/INFO]: Saving chunks for level 'ServerLevel[world_the_end]'/minecraft:the_end
[05:38:29] [Server thread/INFO]: [ChunkHolderManager] Waiting 60s for chunk system to halt for world 'world_the_end'
[05:38:29] [Server thread/INFO]: [ChunkHolderManager] Halted chunk system for world 'world_the_end'
[05:38:29] [Server thread/INFO]: [ChunkHolderManager] Saving all chunkholders for world 'world_the_end'
[05:38:29] [Server thread/INFO]: [ChunkHolderManager] Saved 0 block chunks, 0 entity chunks, 0 poi chunks in world 'world_the_end' in 0.00s
[05:38:29] [Server thread/INFO]: ThreadedAnvilChunkStorage (DIM1): All chunks are saved
[05:38:29] [Server thread/INFO]: ThreadedAnvilChunkStorage: All dimensions are saved
[05:38:29] [Server thread/INFO]: Flushing Chunk IO
[05:38:29] [Server thread/INFO]: Closing Thread Pool
[05:38:29] [Server thread/INFO]: Closing Server
